<?xml version="1.0" encoding="UTF-8"?>
<testng-results ignored="0" total="1" passed="1" failed="0" skipped="0">
  <reporter-output>
  </reporter-output>
  <suite started-at="2022-09-26T09:10:58 IST" name="Default suite" finished-at="2022-09-26T09:11:07 IST" duration-ms="9530">
    <groups>
    </groups>
    <test started-at="2022-09-26T09:10:58 IST" name="Default test" finished-at="2022-09-26T09:11:07 IST" duration-ms="9530">
      <class name="script.Test1">
        <test-method is-config="true" signature="initReport()[pri:0, instance:script.Test1@78691363]" started-at="2022-09-26T09:10:57 IST" name="initReport" finished-at="2022-09-26T09:10:58 IST" duration-ms="201" status="PASS">
          <reporter-output>
          </reporter-output>
        </test-method> <!-- initReport -->
        <test-method is-config="true" signature="openApp(java.lang.String,java.lang.reflect.Method)[pri:0, instance:script.Test1@78691363]" started-at="2022-09-26T09:10:58 IST" name="openApp" finished-at="2022-09-26T09:11:04 IST" duration-ms="6593" status="PASS">
          <params>
            <param index="0">
              <value>
                <![CDATA[config.properties]]>
              </value>
            </param>
            <param index="1">
              <value>
                <![CDATA[public void script.Test1.testA()]]>
              </value>
            </param>
          </params>
          <reporter-output>
          </reporter-output>
        </test-method> <!-- openApp -->
        <test-method signature="testA()[pri:1, instance:script.Test1@78691363]" started-at="2022-09-26T09:11:04 IST" name="testA" finished-at="2022-09-26T09:11:06 IST" duration-ms="1955" status="PASS">
          <reporter-output>
          </reporter-output>
        </test-method> <!-- testA -->
        <test-method is-config="true" signature="closeApp(org.testng.ITestResult)[pri:0, instance:script.Test1@78691363]" started-at="2022-09-26T09:11:06 IST" name="closeApp" finished-at="2022-09-26T09:11:07 IST" duration-ms="954" status="PASS">
          <params>
            <param index="0">
              <value>
                <![CDATA[[TestResult name=testA status=SUCCESS method=Test1.testA()[pri:1, instance:script.Test1@78691363] output={null}]]]>
              </value>
            </param>
          </params>
          <reporter-output>
          </reporter-output>
        </test-method> <!-- closeApp -->
        <test-method is-config="true" signature="publishReport()[pri:0, instance:script.Test1@78691363]" started-at="2022-09-26T09:11:07 IST" name="publishReport" finished-at="2022-09-26T09:11:08 IST" duration-ms="314" status="PASS">
          <reporter-output>
          </reporter-output>
        </test-method> <!-- publishReport -->
      </class> <!-- script.Test1 -->
    </test> <!-- Default test -->
  </suite> <!-- Default suite -->
</testng-results>
